[debug] [2023-10-13T07:54:45.860Z] ----------------------------------------------------------------------
[debug] [2023-10-13T07:54:45.862Z] Command:       C:\Program Files\nodejs\node.exe C:\Users\User-PC\AppData\Roaming\npm\node_modules\firebase-tools\lib\bin\firebase.js init
[debug] [2023-10-13T07:54:45.862Z] CLI Version:   12.7.0
[debug] [2023-10-13T07:54:45.863Z] Platform:      win32
[debug] [2023-10-13T07:54:45.863Z] Node Version:  v18.16.0
[debug] [2023-10-13T07:54:45.864Z] Time:          Fri Oct 13 2023 09:54:45 GMT+0200 (South Africa Standard Time)
[debug] [2023-10-13T07:54:45.864Z] ----------------------------------------------------------------------
[debug] 
[debug] [2023-10-13T07:54:45.867Z] >>> [apiv2][query] GET https://firebase-public.firebaseio.com/cli.json [none]
[debug] [2023-10-13T07:54:45.908Z] > command requires scopes: ["email","openid","https://www.googleapis.com/auth/cloudplatformprojects.readonly","https://www.googleapis.com/auth/firebase","https://www.googleapis.com/auth/cloud-platform"]
[debug] [2023-10-13T07:54:45.908Z] > authorizing via signed-in user (ephraimtamuka@gmail.com)
[info] 
     ######## #### ########  ######## ########     ###     ######  ########
     ##        ##  ##     ## ##       ##     ##  ##   ##  ##       ##
     ######    ##  ########  ######   ########  #########  ######  ######
     ##        ##  ##    ##  ##       ##     ## ##     ##       ## ##
     ##       #### ##     ## ######## ########  ##     ##  ######  ########

You're about to initialize a Firebase project in this directory:

  C:\Users\User-PC\partner_website\web

[debug] [2023-10-13T07:54:46.528Z] <<< [apiv2][status] GET https://firebase-public.firebaseio.com/cli.json 200
[debug] [2023-10-13T07:54:46.529Z] <<< [apiv2][body] GET https://firebase-public.firebaseio.com/cli.json {"cloudBuildErrorAfter":1594252800000,"cloudBuildWarnAfter":1590019200000,"defaultNode10After":1594252800000,"minVersion":"3.0.5","node8DeploysDisabledAfter":1613390400000,"node8RuntimeDisabledAfter":1615809600000,"node8WarnAfter":1600128000000}
